Copyright 1986-2017 Xilinx, Inc. All Rights Reserved.
------------------------------------------------------------------------------------
| Tool Version : Vivado v.2017.4 (win64) Build 2086221 Fri Dec 15 20:55:39 MST 2017
| Date         : Sun May 20 21:34:57 2018
| Host         : DESKTOP-I490NK6 running 64-bit major release  (build 9200)
| Command      : report_control_sets -verbose -file top_control_sets_placed.rpt
| Design       : top
| Device       : xc7a35t
------------------------------------------------------------------------------------

Control Set Information

Table of Contents
-----------------
1. Summary
2. Flip-Flop Distribution
3. Detailed Control Set Information

1. Summary
----------

+----------------------------------------------------------+-------+
|                          Status                          | Count |
+----------------------------------------------------------+-------+
| Number of unique control sets                            |   160 |
| Unused register locations in slices containing registers |    42 |
+----------------------------------------------------------+-------+


2. Flip-Flop Distribution
-------------------------

+--------------+-----------------------+------------------------+-----------------+--------------+
| Clock Enable | Synchronous Set/Reset | Asynchronous Set/Reset | Total Registers | Total Slices |
+--------------+-----------------------+------------------------+-----------------+--------------+
| No           | No                    | No                     |              63 |           25 |
| No           | No                    | Yes                    |               0 |            0 |
| No           | Yes                   | No                     |               0 |            0 |
| Yes          | No                    | No                     |            1967 |         1211 |
| Yes          | No                    | Yes                    |               0 |            0 |
| Yes          | Yes                   | No                     |               0 |            0 |
+--------------+-----------------------+------------------------+-----------------+--------------+


3. Detailed Control Set Information
-----------------------------------

+------------------------------------+--------------------------------------------+------------------+------------------+----------------+
|            Clock Signal            |                Enable Signal               | Set/Reset Signal | Slice Load Count | Bel Load Count |
+------------------------------------+--------------------------------------------+------------------+------------------+----------------+
|  my_CPU/mypc/regFile_reg[31][31]_2 |                                            |                  |                1 |              1 |
|  my_CPU/mypc/regFile_reg[31][18]_1 |                                            |                  |                1 |              1 |
|  n_0_3565_BUFG                     |                                            |                  |                1 |              1 |
|  my_CPU/mypc/Addr_reg[2]_3[0]      |                                            |                  |                1 |              2 |
|  my_clkdiv_190hz/CLK               |                                            |                  |                1 |              4 |
|  n_0_3565_BUFG                     | my_CPU/mypc/PCWre                          |                  |                3 |              7 |
| ~n_0_3565_BUFG                     | my_CPU/mypc/ram_reg[99][7][0]              |                  |                8 |              8 |
| ~n_0_3565_BUFG                     | my_CPU/my_control_unit/ram_reg[83][7][0]   |                  |                6 |              8 |
| ~n_0_3565_BUFG                     | my_CPU/my_control_unit/ram_reg[84][0][0]   |                  |                2 |              8 |
| ~n_0_3565_BUFG                     | my_CPU/my_control_unit/ram_reg[95][7][0]   |                  |                6 |              8 |
| ~n_0_3565_BUFG                     | my_CPU/my_control_unit/ram_reg[2][0][0]    |                  |                3 |              8 |
| ~n_0_3565_BUFG                     | my_CPU/my_control_unit/ram_reg[66][0][0]   |                  |                3 |              8 |
| ~n_0_3565_BUFG                     | my_CPU/my_control_unit/ram_reg[60][0]_0[0] |                  |                3 |              8 |
| ~n_0_3565_BUFG                     | my_CPU/my_control_unit/ram_reg[86][0][0]   |                  |                4 |              8 |
| ~n_0_3565_BUFG                     | my_CPU/my_control_unit/ram_reg[0][0][0]    |                  |                6 |              8 |
| ~n_0_3565_BUFG                     | my_CPU/my_control_unit/ram_reg[64][0][0]   |                  |                3 |              8 |
| ~n_0_3565_BUFG                     | my_CPU/my_control_unit/ram_reg[94][0][0]   |                  |                4 |              8 |
| ~n_0_3565_BUFG                     | my_CPU/my_control_unit/ram_reg[80][0][0]   |                  |                2 |              8 |
| ~n_0_3565_BUFG                     | my_CPU/my_control_unit/ram_reg[82][0][0]   |                  |                6 |              8 |
| ~n_0_3565_BUFG                     | my_CPU/my_control_unit/ram_reg[92][0][0]   |                  |                2 |              8 |
| ~n_0_3565_BUFG                     | my_CPU/my_control_unit/ram_reg[62][0][0]   |                  |                4 |              8 |
| ~n_0_3565_BUFG                     | my_CPU/mypc/ram_reg[9][0][0]               |                  |                8 |              8 |
| ~n_0_3565_BUFG                     | my_CPU/mypc/ram_reg[97][0][0]              |                  |                2 |              8 |
| ~n_0_3565_BUFG                     | my_CPU/mypc/ram_reg[85][0][0]              |                  |                6 |              8 |
| ~n_0_3565_BUFG                     | my_CPU/mypc/ram_reg[8][0][0]               |                  |                5 |              8 |
| ~n_0_3565_BUFG                     | my_CPU/mypc/ram_reg[93][0][0]              |                  |                6 |              8 |
| ~n_0_3565_BUFG                     | my_CPU/mypc/ram_reg[96][0][0]              |                  |                5 |              8 |
| ~n_0_3565_BUFG                     | my_CPU/mypc/ram_reg[87][7][0]              |                  |                4 |              8 |
| ~n_0_3565_BUFG                     | my_CPU/mypc/ram_reg[90][0][0]              |                  |                5 |              8 |
| ~n_0_3565_BUFG                     | my_CPU/mypc/E[0]                           |                  |                6 |              8 |
| ~n_0_3565_BUFG                     | my_CPU/mypc/ram_reg[101][0][0]             |                  |                7 |              8 |
| ~n_0_3565_BUFG                     | my_CPU/mypc/ram_reg[102][0][0]             |                  |                5 |              8 |
| ~n_0_3565_BUFG                     | my_CPU/mypc/ram_reg[103][7][0]             |                  |                6 |              8 |
| ~n_0_3565_BUFG                     | my_CPU/mypc/ram_reg[100][0]_0[0]           |                  |                4 |              8 |
| ~n_0_3565_BUFG                     | my_CPU/mypc/ram_reg[104][0][0]             |                  |                5 |              8 |
| ~n_0_3565_BUFG                     | my_CPU/mypc/ram_reg[112][0][0]             |                  |                6 |              8 |
| ~n_0_3565_BUFG                     | my_CPU/mypc/ram_reg[13][0]_0[0]            |                  |                6 |              8 |
| ~n_0_3565_BUFG                     | my_CPU/mypc/ram_reg[110][0][0]             |                  |                6 |              8 |
| ~n_0_3565_BUFG                     | my_CPU/mypc/ram_reg[113][0]_0[0]           |                  |                2 |              8 |
| ~n_0_3565_BUFG                     | my_CPU/mypc/ram_reg[107][7][0]             |                  |                6 |              8 |
| ~n_0_3565_BUFG                     | my_CPU/mypc/ram_reg[116][0][0]             |                  |                5 |              8 |
| ~n_0_3565_BUFG                     | my_CPU/mypc/ram_reg[12][0]_0[0]            |                  |                3 |              8 |
| ~n_0_3565_BUFG                     | my_CPU/mypc/ram_reg[106][0][0]             |                  |                3 |              8 |
| ~n_0_3565_BUFG                     | my_CPU/mypc/ram_reg[115][7][0]             |                  |                5 |              8 |
| ~n_0_3565_BUFG                     | my_CPU/mypc/ram_reg[114][0][0]             |                  |                3 |              8 |
| ~n_0_3565_BUFG                     | my_CPU/mypc/ram_reg[10][0][0]              |                  |                7 |              8 |
| ~n_0_3565_BUFG                     | my_CPU/mypc/ram_reg[117][0][0]             |                  |                3 |              8 |
| ~n_0_3565_BUFG                     | my_CPU/mypc/ram_reg[108][0][0]             |                  |                5 |              8 |
| ~n_0_3565_BUFG                     | my_CPU/mypc/ram_reg[111][7][0]             |                  |                7 |              8 |
| ~n_0_3565_BUFG                     | my_CPU/mypc/ram_reg[118][0][0]             |                  |                4 |              8 |
| ~n_0_3565_BUFG                     | my_CPU/mypc/ram_reg[119][7][0]             |                  |                5 |              8 |
| ~n_0_3565_BUFG                     | my_CPU/mypc/ram_reg[105][0][0]             |                  |                5 |              8 |
| ~n_0_3565_BUFG                     | my_CPU/mypc/ram_reg[11][7][0]              |                  |                6 |              8 |
| ~n_0_3565_BUFG                     | my_CPU/mypc/ram_reg[109][0][0]             |                  |                7 |              8 |
| ~n_0_3565_BUFG                     | my_CPU/mypc/ram_reg[20][0]_0[0]            |                  |                4 |              8 |
| ~n_0_3565_BUFG                     | my_CPU/mypc/ram_reg[17][0][0]              |                  |                2 |              8 |
| ~n_0_3565_BUFG                     | my_CPU/mypc/ram_reg[22][0][0]              |                  |                7 |              8 |
| ~n_0_3565_BUFG                     | my_CPU/mypc/ram_reg[25][0][0]              |                  |                6 |              8 |
| ~n_0_3565_BUFG                     | my_CPU/mypc/ram_reg[27][7][0]              |                  |                5 |              8 |
| ~n_0_3565_BUFG                     | my_CPU/mypc/ram_reg[26][0][0]              |                  |                7 |              8 |
| ~n_0_3565_BUFG                     | my_CPU/mypc/ram_reg[18][0][0]              |                  |                2 |              8 |
| ~n_0_3565_BUFG                     | my_CPU/mypc/ram_reg[16][0][0]              |                  |                3 |              8 |
| ~n_0_3565_BUFG                     | my_CPU/mypc/ram_reg[19][7][0]              |                  |                8 |              8 |
| ~n_0_3565_BUFG                     | my_CPU/mypc/ram_reg[15][7][0]              |                  |                3 |              8 |
| ~n_0_3565_BUFG                     | my_CPU/mypc/ram_reg[21][0][0]              |                  |                8 |              8 |
| ~n_0_3565_BUFG                     | my_CPU/mypc/ram_reg[24][0][0]              |                  |                5 |              8 |
| ~n_0_3565_BUFG                     | my_CPU/mypc/ram_reg[1][0][0]               |                  |                5 |              8 |
| ~n_0_3565_BUFG                     | my_CPU/mypc/ram_reg[14][0][0]              |                  |                5 |              8 |
| ~n_0_3565_BUFG                     | my_CPU/mypc/ram_reg[23][7][0]              |                  |                3 |              8 |
| ~n_0_3565_BUFG                     | my_CPU/mypc/ram_reg[38][0][0]              |                  |                6 |              8 |
| ~n_0_3565_BUFG                     | my_CPU/mypc/ram_reg[28][0][0]              |                  |                5 |              8 |
| ~n_0_3565_BUFG                     | my_CPU/mypc/ram_reg[32][0][0]              |                  |                4 |              8 |
| ~n_0_3565_BUFG                     | my_CPU/mypc/ram_reg[33][0][0]              |                  |                2 |              8 |
| ~n_0_3565_BUFG                     | my_CPU/mypc/ram_reg[44][0][0]              |                  |                4 |              8 |
| ~n_0_3565_BUFG                     | my_CPU/mypc/ram_reg[41][0][0]              |                  |                6 |              8 |
| ~n_0_3565_BUFG                     | my_CPU/mypc/ram_reg[37][0][0]              |                  |                6 |              8 |
| ~n_0_3565_BUFG                     | my_CPU/mypc/ram_reg[31][7][0]              |                  |                7 |              8 |
| ~n_0_3565_BUFG                     | my_CPU/mypc/ram_reg[43][7][0]              |                  |                6 |              8 |
| ~n_0_3565_BUFG                     | my_CPU/mypc/ram_reg[34][0]_1[0]            |                  |                2 |              8 |
| ~n_0_3565_BUFG                     | my_CPU/mypc/ram_reg[39][7][0]              |                  |                5 |              8 |
| ~n_0_3565_BUFG                     | my_CPU/mypc/ram_reg[42][0][0]              |                  |                6 |              8 |
| ~n_0_3565_BUFG                     | my_CPU/mypc/ram_reg[35][7][0]              |                  |                7 |              8 |
| ~n_0_3565_BUFG                     | my_CPU/mypc/ram_reg[29][0][0]              |                  |                7 |              8 |
| ~n_0_3565_BUFG                     | my_CPU/mypc/ram_reg[3][7][0]               |                  |                4 |              8 |
| ~n_0_3565_BUFG                     | my_CPU/mypc/ram_reg[36][0][0]              |                  |                3 |              8 |
| ~n_0_3565_BUFG                     | my_CPU/mypc/ram_reg[40][0][0]              |                  |                5 |              8 |
| ~n_0_3565_BUFG                     | my_CPU/mypc/ram_reg[30][0][0]              |                  |                7 |              8 |
| ~n_0_3565_BUFG                     | my_CPU/mypc/ram_reg[48][0]_0[0]            |                  |                3 |              8 |
| ~n_0_3565_BUFG                     | my_CPU/mypc/ram_reg[46][0][0]              |                  |                6 |              8 |
| ~n_0_3565_BUFG                     | my_CPU/mypc/ram_reg[4][0][0]               |                  |                5 |              8 |
| ~n_0_3565_BUFG                     | my_CPU/mypc/ram_reg[54][0][0]              |                  |                3 |              8 |
| ~n_0_3565_BUFG                     | my_CPU/mypc/ram_reg[56][0][0]              |                  |                3 |              8 |
| ~n_0_3565_BUFG                     | my_CPU/mypc/ram_reg[57][0][0]              |                  |                6 |              8 |
| ~n_0_3565_BUFG                     | my_CPU/mypc/ram_reg[5][0][0]               |                  |                5 |              8 |
| ~n_0_3565_BUFG                     | my_CPU/mypc/ram_reg[59][7][0]              |                  |                5 |              8 |
| ~n_0_3565_BUFG                     | my_CPU/mypc/ram_reg[58][0][0]              |                  |                7 |              8 |
| ~n_0_3565_BUFG                     | my_CPU/mypc/ram_reg[55][7][0]              |                  |                2 |              8 |
| ~n_0_3565_BUFG                     | my_CPU/mypc/ram_reg[49][0][0]              |                  |                3 |              8 |
| ~n_0_3565_BUFG                     | my_CPU/mypc/ram_reg[51][7][0]              |                  |                7 |              8 |
| ~n_0_3565_BUFG                     | my_CPU/mypc/ram_reg[47][7][0]              |                  |                6 |              8 |
| ~n_0_3565_BUFG                     | my_CPU/mypc/ram_reg[52][0][0]              |                  |                4 |              8 |
| ~n_0_3565_BUFG                     | my_CPU/mypc/ram_reg[53][0][0]              |                  |                5 |              8 |
| ~n_0_3565_BUFG                     | my_CPU/mypc/ram_reg[45][0][0]              |                  |                8 |              8 |
| ~n_0_3565_BUFG                     | my_CPU/mypc/ram_reg[50][0]_0[0]            |                  |                2 |              8 |
| ~n_0_3565_BUFG                     | my_CPU/mypc/ram_reg[65][0]_0[0]            |                  |                2 |              8 |
| ~n_0_3565_BUFG                     | my_CPU/mypc/ram_reg[79][7][0]              |                  |                6 |              8 |
| ~n_0_3565_BUFG                     | my_CPU/mypc/ram_reg[76][0][0]              |                  |                4 |              8 |
| ~n_0_3565_BUFG                     | my_CPU/mypc/ram_reg[73][0][0]              |                  |                3 |              8 |
| ~n_0_3565_BUFG                     | my_CPU/mypc/ram_reg[77][0][0]              |                  |                5 |              8 |
| ~n_0_3565_BUFG                     | my_CPU/mypc/ram_reg[6][0][0]               |                  |                3 |              8 |
| ~n_0_3565_BUFG                     | my_CPU/mypc/ram_reg[71][7][0]              |                  |                2 |              8 |
| ~n_0_3565_BUFG                     | my_CPU/mypc/ram_reg[7][7][0]               |                  |                6 |              8 |
| ~n_0_3565_BUFG                     | my_CPU/mypc/ram_reg[81][0]_0[0]            |                  |                5 |              8 |
| ~n_0_3565_BUFG                     | my_CPU/mypc/ram_reg[75][7][0]              |                  |                2 |              8 |
| ~n_0_3565_BUFG                     | my_CPU/mypc/ram_reg[61][0][0]              |                  |                5 |              8 |
| ~n_0_3565_BUFG                     | my_CPU/mypc/ram_reg[68][0][0]              |                  |                4 |              8 |
| ~n_0_3565_BUFG                     | my_CPU/mypc/ram_reg[70][0][0]              |                  |                5 |              8 |
| ~n_0_3565_BUFG                     | my_CPU/mypc/ram_reg[74][0][0]              |                  |                7 |              8 |
| ~n_0_3565_BUFG                     | my_CPU/mypc/ram_reg[69][0][0]              |                  |                6 |              8 |
| ~n_0_3565_BUFG                     | my_CPU/mypc/ram_reg[72][0][0]              |                  |                3 |              8 |
| ~n_0_3565_BUFG                     | my_CPU/mypc/ram_reg[78][0][0]              |                  |                6 |              8 |
| ~n_0_3565_BUFG                     | my_CPU/mypc/ram_reg[63][7][0]              |                  |                8 |              8 |
| ~n_0_3565_BUFG                     | my_CPU/mypc/ram_reg[67][7][0]              |                  |                2 |              8 |
| ~n_0_3565_BUFG                     | my_CPU/mypc/ram_reg[91][7][0]              |                  |                5 |              8 |
| ~n_0_3565_BUFG                     | my_CPU/mypc/ram_reg[88][0][0]              |                  |                3 |              8 |
| ~n_0_3565_BUFG                     | my_CPU/mypc/ram_reg[89][0][0]              |                  |                2 |              8 |
| ~n_0_3565_BUFG                     | my_CPU/mypc/ram_reg[98][0][0]              |                  |                2 |              8 |
|  my_CPU/mypc/ram_reg[0][0]_0       |                                            |                  |                5 |              9 |
| ~n_0_3565_BUFG                     | my_CPU/mypc/regFile_reg[31][31]_5          |                  |               22 |             32 |
| ~n_0_3565_BUFG                     | my_CPU/mypc/regFile_reg[7][31]             |                  |               20 |             32 |
| ~n_0_3565_BUFG                     | my_CPU/mypc/regFile_reg[3][31]             |                  |               19 |             32 |
| ~n_0_3565_BUFG                     | my_CPU/mypc/regFile_reg[6][31]             |                  |               21 |             32 |
| ~n_0_3565_BUFG                     | my_CPU/mypc/regFile_reg[9][31]             |                  |               28 |             32 |
| ~n_0_3565_BUFG                     | my_CPU/mypc/regFile_reg[8][31]             |                  |               22 |             32 |
| ~n_0_3565_BUFG                     | my_CPU/mypc/regFile_reg[5][31]             |                  |               21 |             32 |
| ~n_0_3565_BUFG                     | my_CPU/mypc/regFile_reg[4][31]             |                  |               18 |             32 |
| ~n_0_3565_BUFG                     | my_CPU/mypc/regFile                        |                  |               16 |             32 |
| ~n_0_3565_BUFG                     | my_CPU/mypc/regFile_reg[12][31]            |                  |               25 |             32 |
| ~n_0_3565_BUFG                     | my_CPU/mypc/regFile_reg[14][31]            |                  |               24 |             32 |
| ~n_0_3565_BUFG                     | my_CPU/mypc/regFile_reg[17][31]            |                  |               18 |             32 |
| ~n_0_3565_BUFG                     | my_CPU/mypc/regFile_reg[16][31]            |                  |               16 |             32 |
| ~n_0_3565_BUFG                     | my_CPU/mypc/regFile_reg[15][31]            |                  |               26 |             32 |
| ~n_0_3565_BUFG                     | my_CPU/mypc/regFile_reg[19][31]            |                  |               18 |             32 |
| ~n_0_3565_BUFG                     | my_CPU/mypc/regFile_reg[13][31]            |                  |               20 |             32 |
| ~n_0_3565_BUFG                     | my_CPU/mypc/regFile_reg[11][31]            |                  |               25 |             32 |
| ~n_0_3565_BUFG                     | my_CPU/mypc/regFile_reg[18][31]            |                  |               18 |             32 |
| ~n_0_3565_BUFG                     | my_CPU/mypc/regFile_reg[10][31]            |                  |               16 |             32 |
| ~n_0_3565_BUFG                     | my_CPU/mypc/regFile_reg[2][31]             |                  |               23 |             32 |
| ~n_0_3565_BUFG                     | my_CPU/mypc/regFile_reg[22][31]            |                  |               24 |             32 |
| ~n_0_3565_BUFG                     | my_CPU/mypc/regFile_reg[30][31]            |                  |               20 |             32 |
| ~n_0_3565_BUFG                     | my_CPU/mypc/regFile_reg[20][31]            |                  |               18 |             32 |
| ~n_0_3565_BUFG                     | my_CPU/mypc/regFile_reg[24][31]            |                  |               20 |             32 |
| ~n_0_3565_BUFG                     | my_CPU/mypc/regFile_reg[25][31]            |                  |               18 |             32 |
| ~n_0_3565_BUFG                     | my_CPU/mypc/regFile_reg[29][31]_0          |                  |               23 |             32 |
| ~n_0_3565_BUFG                     | my_CPU/mypc/regFile_reg[21][31]            |                  |               18 |             32 |
| ~n_0_3565_BUFG                     | my_CPU/mypc/regFile_reg[27][31]            |                  |               18 |             32 |
| ~n_0_3565_BUFG                     | my_CPU/mypc/regFile_reg[23][31]            |                  |               21 |             32 |
| ~n_0_3565_BUFG                     | my_CPU/mypc/regFile_reg[28][31]            |                  |               21 |             32 |
| ~n_0_3565_BUFG                     | my_CPU/mypc/regFile_reg[26][31]            |                  |               20 |             32 |
|  clk_BUFG                          |                                            |                  |               15 |             45 |
+------------------------------------+--------------------------------------------+------------------+------------------+----------------+


+--------+-----------------------+
| Fanout | Number of ControlSets |
+--------+-----------------------+
| 1      |                     3 |
| 2      |                     1 |
| 4      |                     1 |
| 7      |                     1 |
| 8      |                   121 |
| 9      |                     1 |
| 16+    |                    32 |
+--------+-----------------------+


