INFO: [VRFC 10-2263] Analyzing Verilog file "D:/code/CPU_single_cycle/src/mux4to1.v" into library xil_defaultlib
INFO: [VRFC 10-311] analyzing module mux4to1
INFO: [VRFC 10-2263] Analyzing Verilog file "D:/code/CPU_single_cycle/src/RegFile/RegFile.v" into library xil_defaultlib
INFO: [VRFC 10-311] analyzing module RegFile
INFO: [VRFC 10-2263] Analyzing Verilog file "D:/code/CPU_single_cycle/src/PC.v" into library xil_defaultlib
INFO: [VRFC 10-311] analyzing module PC
INFO: [VRFC 10-2263] Analyzing Verilog file "D:/code/CPU_single_cycle/src/mux2to1_5.v" into library xil_defaultlib
INFO: [VRFC 10-311] analyzing module mux2to1_5
INFO: [VRFC 10-2263] Analyzing Verilog file "D:/code/CPU_single_cycle/src/mux2to1_32.v" into library xil_defaultlib
INFO: [VRFC 10-311] analyzing module mux2to1_32
INFO: [VRFC 10-2263] Analyzing Verilog file "D:/code/CPU_single_cycle/src/Ins_Memory/Ins_Memory.v" into library xil_defaultlib
INFO: [VRFC 10-311] analyzing module Ins_Memory
INFO: [VRFC 10-2263] Analyzing Verilog file "D:/code/CPU_single_cycle/src/Extend.v" into library xil_defaultlib
INFO: [VRFC 10-311] analyzing module Extend
INFO: [VRFC 10-2263] Analyzing Verilog file "D:/code/CPU_single_cycle/src/Data_Memory/Data_Memory.v" into library xil_defaultlib
INFO: [VRFC 10-311] analyzing module Data_Memory
INFO: [VRFC 10-2263] Analyzing Verilog file "D:/code/CPU_single_cycle/src/Control_unit/Control_unit.v" into library xil_defaultlib
INFO: [VRFC 10-311] analyzing module Control_unit
WARNING: [VRFC 10-526] concatenation with unsized literal; will interpret as 32 bits [D:/code/CPU_single_cycle/src/Control_unit/Control_unit.v:182]
WARNING: [VRFC 10-526] concatenation with unsized literal; will interpret as 32 bits [D:/code/CPU_single_cycle/src/Control_unit/Control_unit.v:195]
INFO: [VRFC 10-2263] Analyzing Verilog file "D:/code/CPU_single_cycle/src/ALU/ALU32.v" into library xil_defaultlib
INFO: [VRFC 10-311] analyzing module ALU32
INFO: [VRFC 10-2263] Analyzing Verilog file "D:/code/CPU_single_cycle/src/CPU_top.v" into library xil_defaultlib
INFO: [VRFC 10-311] analyzing module CPU_single_cycle
INFO: [VRFC 10-2263] Analyzing Verilog file "D:/code/CPU_single_cycle/src/CPU_single_cycle_tb.v" into library xil_defaultlib
INFO: [VRFC 10-311] analyzing module CPU_single_cycle_tb
INFO: [VRFC 10-2263] Analyzing Verilog file "D:/code/CPU_single_cycle/CPU_single_cycle/CPU_single_cycle.sim/sim_1/behav/glbl.v" into library xil_defaultlib
INFO: [VRFC 10-311] analyzing module glbl
